e:\уник\оаип2\lab7\lab7\x64\debug\vc143.pdb
e:\уник\оаип2\lab7\lab7\x64\debug\vc143.idb
e:\уник\оаип2\lab7\lab7\x64\debug\main.obj
e:\уник\оаип2\lab7\x64\debug\lab7.pdb
e:\уник\оаип2\lab7\lab7\x64\debug\lab7.tlog\cl.command.1.tlog
e:\уник\оаип2\lab7\lab7\x64\debug\lab7.tlog\cl.items.tlog
e:\уник\оаип2\lab7\lab7\x64\debug\lab7.tlog\cl.read.1.tlog
e:\уник\оаип2\lab7\lab7\x64\debug\lab7.tlog\cl.write.1.tlog
e:\уник\оаип2\lab7\lab7\x64\debug\lab7.tlog\link.30464-cvtres.read.1.tlog
e:\уник\оаип2\lab7\lab7\x64\debug\lab7.tlog\link.30464-cvtres.write.1.tlog
e:\уник\оаип2\lab7\lab7\x64\debug\lab7.tlog\link.30464-rc.read.1.tlog
e:\уник\оаип2\lab7\lab7\x64\debug\lab7.tlog\link.30464-rc.write.1.tlog
e:\уник\оаип2\lab7\lab7\x64\debug\lab7.tlog\link.30464.read.1.tlog
e:\уник\оаип2\lab7\lab7\x64\debug\lab7.tlog\link.30464.read.2.tlog
e:\уник\оаип2\lab7\lab7\x64\debug\lab7.tlog\link.30464.read.3.tlog
e:\уник\оаип2\lab7\lab7\x64\debug\lab7.tlog\link.30464.read.4.tlog
e:\уник\оаип2\lab7\lab7\x64\debug\lab7.tlog\link.30464.write.1.tlog
e:\уник\оаип2\lab7\lab7\x64\debug\lab7.tlog\link.command.1.tlog
e:\уник\оаип2\lab7\lab7\x64\debug\lab7.tlog\link.read.1.tlog
e:\уник\оаип2\lab7\lab7\x64\debug\lab7.tlog\link.write.1.tlog
