  lab08.cpp
E:\уник\ОАИП2\lab08\lab08\lab08.cpp(57,17): warning C4566: символ, представленный универсальным именем символа "\u00CE", невозможно представить в текущей кодовой странице (1251)
E:\уник\ОАИП2\lab08\lab08\lab08.cpp(57,17): warning C4566: символ, представленный универсальным именем символа "\u00F8", невозможно представить в текущей кодовой странице (1251)
E:\уник\ОАИП2\lab08\lab08\lab08.cpp(57,17): warning C4566: символ, представленный универсальным именем символа "\u00E8", невозможно представить в текущей кодовой странице (1251)
E:\уник\ОАИП2\lab08\lab08\lab08.cpp(57,17): warning C4566: символ, представленный универсальным именем символа "\u00E1", невозможно представить в текущей кодовой странице (1251)
E:\уник\ОАИП2\lab08\lab08\lab08.cpp(57,17): warning C4566: символ, представленный универсальным именем символа "\u00EA", невозможно представить в текущей кодовой странице (1251)
E:\уник\ОАИП2\lab08\lab08\lab08.cpp(57,17): warning C4566: символ, представленный универсальным именем символа "\u00E0", невозможно представить в текущей кодовой странице (1251)
E:\уник\ОАИП2\lab08\lab08\lab08.cpp(57,17): warning C4566: символ, представленный универсальным именем символа "\u00EF", невозможно представить в текущей кодовой странице (1251)
E:\уник\ОАИП2\lab08\lab08\lab08.cpp(57,17): warning C4566: символ, представленный универсальным именем символа "\u00F0", невозможно представить в текущей кодовой странице (1251)
E:\уник\ОАИП2\lab08\lab08\lab08.cpp(57,17): warning C4566: символ, представленный универсальным именем символа "\u00EE", невозможно представить в текущей кодовой странице (1251)
E:\уник\ОАИП2\lab08\lab08\lab08.cpp(57,17): warning C4566: символ, представленный универсальным именем символа "\u00F2", невозможно представить в текущей кодовой странице (1251)
E:\уник\ОАИП2\lab08\lab08\lab08.cpp(57,17): warning C4566: символ, представленный универсальным именем символа "\u00FB", невозможно представить в текущей кодовой странице (1251)
E:\уник\ОАИП2\lab08\lab08\lab08.cpp(57,17): warning C4566: символ, представленный универсальным именем символа "\u00F4", невозможно представить в текущей кодовой странице (1251)
E:\уник\ОАИП2\lab08\lab08\lab08.cpp(57,17): warning C4566: символ, представленный универсальным именем символа "\u00E9", невозможно представить в текущей кодовой странице (1251)
E:\уник\ОАИП2\lab08\lab08\lab08.cpp(57,17): warning C4566: символ, представленный универсальным именем символа "\u00EB", невозможно представить в текущей кодовой странице (1251)
E:\уник\ОАИП2\lab08\lab08\lab08.cpp(73,13): warning C4566: символ, представленный универсальным именем символа "\u00D4", невозможно представить в текущей кодовой странице (1251)
E:\уник\ОАИП2\lab08\lab08\lab08.cpp(73,13): warning C4566: символ, представленный универсальным именем символа "\u00E0", невозможно представить в текущей кодовой странице (1251)
E:\уник\ОАИП2\lab08\lab08\lab08.cpp(73,13): warning C4566: символ, представленный универсальным именем символа "\u00E9", невозможно представить в текущей кодовой странице (1251)
E:\уник\ОАИП2\lab08\lab08\lab08.cpp(73,13): warning C4566: символ, представленный универсальным именем символа "\u00EB", невозможно представить в текущей кодовой странице (1251)
E:\уник\ОАИП2\lab08\lab08\lab08.cpp(73,13): warning C4566: символ, представленный универсальным именем символа "\u00F3", невозможно представить в текущей кодовой странице (1251)
E:\уник\ОАИП2\lab08\lab08\lab08.cpp(73,13): warning C4566: символ, представленный универсальным именем символа "\u00F1", невозможно представить в текущей кодовой странице (1251)
E:\уник\ОАИП2\lab08\lab08\lab08.cpp(73,13): warning C4566: символ, представленный универсальным именем символа "\u00EF", невозможно представить в текущей кодовой странице (1251)
E:\уник\ОАИП2\lab08\lab08\lab08.cpp(73,13): warning C4566: символ, представленный универсальным именем символа "\u00E5", невозможно представить в текущей кодовой странице (1251)
E:\уник\ОАИП2\lab08\lab08\lab08.cpp(73,13): warning C4566: символ, представленный универсальным именем символа "\u00F8", невозможно представить в текущей кодовой странице (1251)
E:\уник\ОАИП2\lab08\lab08\lab08.cpp(73,13): warning C4566: символ, представленный универсальным именем символа "\u00ED", невозможно представить в текущей кодовой странице (1251)
E:\уник\ОАИП2\lab08\lab08\lab08.cpp(73,13): warning C4566: символ, представленный универсальным именем символа "\u00EE", невозможно представить в текущей кодовой странице (1251)
E:\уник\ОАИП2\lab08\lab08\lab08.cpp(73,13): warning C4566: символ, представленный универсальным именем символа "\u00E1", невозможно представить в текущей кодовой странице (1251)
E:\уник\ОАИП2\lab08\lab08\lab08.cpp(73,13): warning C4566: символ, представленный универсальным именем символа "\u00F0", невозможно представить в текущей кодовой странице (1251)
E:\уник\ОАИП2\lab08\lab08\lab08.cpp(73,13): warning C4566: символ, представленный универсальным именем символа "\u00F2", невозможно представить в текущей кодовой странице (1251)
  lab08.vcxproj -> E:\уник\ОАИП2\lab08\x64\Debug\lab08.exe
